{"/Users/noahramosgonzalez/Documents/Bootcamp/Backend/Semana 7/lab-testing-movie-api/index.js": {"path":"/Users/noahramosgonzalez/Documents/Bootcamp/Backend/Semana 7/lab-testing-movie-api/index.js","statementMap":{"0":{"start":{"line":2,"column":0},"end":{"line":2,"column":27}},"1":{"start":{"line":5,"column":0},"end":{"line":5,"column":27}},"2":{"start":{"line":7,"column":16},"end":{"line":7,"column":34}},"3":{"start":{"line":8,"column":24},"end":{"line":8,"column":57}},"4":{"start":{"line":9,"column":27},"end":{"line":9,"column":63}},"5":{"start":{"line":10,"column":25},"end":{"line":10,"column":59}},"6":{"start":{"line":11,"column":19},"end":{"line":11,"column":47}},"7":{"start":{"line":12,"column":24},"end":{"line":12,"column":57}},"8":{"start":{"line":14,"column":12},"end":{"line":14,"column":21}},"9":{"start":{"line":15,"column":13},"end":{"line":15,"column":37}},"10":{"start":{"line":18,"column":0},"end":{"line":18,"column":24}},"11":{"start":{"line":21,"column":0},"end":{"line":21,"column":43}},"12":{"start":{"line":22,"column":0},"end":{"line":22,"column":36}},"13":{"start":{"line":23,"column":0},"end":{"line":23,"column":34}},"14":{"start":{"line":24,"column":0},"end":{"line":24,"column":33}},"15":{"start":{"line":25,"column":0},"end":{"line":25,"column":43}},"16":{"start":{"line":28,"column":0},"end":{"line":34,"column":1}},"17":{"start":{"line":29,"column":2},"end":{"line":33,"column":5}},"18":{"start":{"line":30,"column":4},"end":{"line":32,"column":70}},"19":{"start":{"line":38,"column":0},"end":{"line":50,"column":3}},"20":{"start":{"line":39,"column":2},"end":{"line":41,"column":3}},"21":{"start":{"line":40,"column":4},"end":{"line":40,"column":51}},"22":{"start":{"line":45,"column":21},"end":{"line":45,"column":42}},"23":{"start":{"line":47,"column":2},"end":{"line":49,"column":5}},"24":{"start":{"line":52,"column":0},"end":{"line":56,"column":1}},"25":{"start":{"line":53,"column":2},"end":{"line":55,"column":5}},"26":{"start":{"line":54,"column":4},"end":{"line":54,"column":56}},"27":{"start":{"line":58,"column":0},"end":{"line":58,"column":21}}},"fnMap":{"0":{"name":"(anonymous_0)","decl":{"start":{"line":29,"column":10},"end":{"line":29,"column":11}},"loc":{"start":{"line":29,"column":24},"end":{"line":33,"column":3}},"line":29},"1":{"name":"(anonymous_1)","decl":{"start":{"line":38,"column":8},"end":{"line":38,"column":9}},"loc":{"start":{"line":38,"column":33},"end":{"line":50,"column":1}},"line":38},"2":{"name":"(anonymous_2)","decl":{"start":{"line":53,"column":19},"end":{"line":53,"column":20}},"loc":{"start":{"line":53,"column":25},"end":{"line":55,"column":3}},"line":53}},"branchMap":{"0":{"loc":{"start":{"line":15,"column":13},"end":{"line":15,"column":37}},"type":"binary-expr","locations":[{"start":{"line":15,"column":13},"end":{"line":15,"column":29}},{"start":{"line":15,"column":33},"end":{"line":15,"column":37}}],"line":15},"1":{"loc":{"start":{"line":28,"column":0},"end":{"line":34,"column":1}},"type":"if","locations":[{"start":{"line":28,"column":0},"end":{"line":34,"column":1}},{"start":{},"end":{}}],"line":28},"2":{"loc":{"start":{"line":39,"column":2},"end":{"line":41,"column":3}},"type":"if","locations":[{"start":{"line":39,"column":2},"end":{"line":41,"column":3}},{"start":{},"end":{}}],"line":39},"3":{"loc":{"start":{"line":45,"column":21},"end":{"line":45,"column":42}},"type":"binary-expr","locations":[{"start":{"line":45,"column":21},"end":{"line":45,"column":35}},{"start":{"line":45,"column":39},"end":{"line":45,"column":42}}],"line":45},"4":{"loc":{"start":{"line":48,"column":11},"end":{"line":48,"column":54}},"type":"binary-expr","locations":[{"start":{"line":48,"column":11},"end":{"line":48,"column":22}},{"start":{"line":48,"column":26},"end":{"line":48,"column":54}}],"line":48},"5":{"loc":{"start":{"line":52,"column":0},"end":{"line":56,"column":1}},"type":"if","locations":[{"start":{"line":52,"column":0},"end":{"line":56,"column":1}},{"start":{},"end":{}}],"line":52}},"s":{"0":2,"1":2,"2":2,"3":2,"4":2,"5":2,"6":2,"7":2,"8":2,"9":2,"10":2,"11":2,"12":2,"13":2,"14":2,"15":2,"16":2,"17":0,"18":0,"19":2,"20":8,"21":0,"22":8,"23":8,"24":2,"25":0,"26":0,"27":2},"f":{"0":0,"1":8,"2":0},"b":{"0":[2,0],"1":[0,2],"2":[0,8],"3":[8,0],"4":[8,0],"5":[0,2]},"_coverageSchema":"1a1c01bbd47fc00a2c39e90264f33305004495a9","hash":"84fbfda401391dd74ef8a60040e4ec802ae942f7"}
,"/Users/noahramosgonzalez/Documents/Bootcamp/Backend/Semana 7/lab-testing-movie-api/src/__tests__/helpers.js": {"path":"/Users/noahramosgonzalez/Documents/Bootcamp/Backend/Semana 7/lab-testing-movie-api/src/__tests__/helpers.js","statementMap":{"0":{"start":{"line":1,"column":15},"end":{"line":1,"column":32}},"1":{"start":{"line":2,"column":12},"end":{"line":2,"column":35}},"2":{"start":{"line":3,"column":13},"end":{"line":3,"column":36}},"3":{"start":{"line":5,"column":21},"end":{"line":25,"column":1}},"4":{"start":{"line":11,"column":24},"end":{"line":11,"column":55}},"5":{"start":{"line":12,"column":19},"end":{"line":17,"column":3}},"6":{"start":{"line":18,"column":18},"end":{"line":18,"column":25}},"7":{"start":{"line":19,"column":16},"end":{"line":23,"column":3}},"8":{"start":{"line":24,"column":2},"end":{"line":24,"column":28}},"9":{"start":{"line":27,"column":22},"end":{"line":37,"column":1}},"10":{"start":{"line":32,"column":19},"end":{"line":35,"column":3}},"11":{"start":{"line":36,"column":2},"end":{"line":36,"column":17}},"12":{"start":{"line":39,"column":0},"end":{"line":39,"column":49}}},"fnMap":{"0":{"name":"(anonymous_0)","decl":{"start":{"line":5,"column":21},"end":{"line":5,"column":22}},"loc":{"start":{"line":10,"column":11},"end":{"line":25,"column":1}},"line":10},"1":{"name":"(anonymous_1)","decl":{"start":{"line":27,"column":22},"end":{"line":27,"column":23}},"loc":{"start":{"line":31,"column":11},"end":{"line":37,"column":1}},"line":31}},"branchMap":{"0":{"loc":{"start":{"line":5,"column":28},"end":{"line":10,"column":6}},"type":"default-arg","locations":[{"start":{"line":10,"column":4},"end":{"line":10,"column":6}}],"line":5},"1":{"loc":{"start":{"line":6,"column":2},"end":{"line":6,"column":22}},"type":"default-arg","locations":[{"start":{"line":6,"column":11},"end":{"line":6,"column":22}}],"line":6},"2":{"loc":{"start":{"line":7,"column":2},"end":{"line":7,"column":25}},"type":"default-arg","locations":[{"start":{"line":7,"column":10},"end":{"line":7,"column":25}}],"line":7},"3":{"loc":{"start":{"line":8,"column":2},"end":{"line":8,"column":22}},"type":"default-arg","locations":[{"start":{"line":8,"column":13},"end":{"line":8,"column":22}}],"line":8},"4":{"loc":{"start":{"line":9,"column":2},"end":{"line":9,"column":17}},"type":"default-arg","locations":[{"start":{"line":9,"column":8},"end":{"line":9,"column":17}}],"line":9},"5":{"loc":{"start":{"line":21,"column":4},"end":{"line":21,"column":43}},"type":"binary-expr","locations":[{"start":{"line":21,"column":4},"end":{"line":21,"column":26}},{"start":{"line":21,"column":30},"end":{"line":21,"column":43}}],"line":21},"6":{"loc":{"start":{"line":27,"column":29},"end":{"line":31,"column":6}},"type":"default-arg","locations":[{"start":{"line":31,"column":4},"end":{"line":31,"column":6}}],"line":27},"7":{"loc":{"start":{"line":28,"column":2},"end":{"line":28,"column":26}},"type":"default-arg","locations":[{"start":{"line":28,"column":11},"end":{"line":28,"column":26}}],"line":28},"8":{"loc":{"start":{"line":29,"column":2},"end":{"line":29,"column":13}},"type":"default-arg","locations":[{"start":{"line":29,"column":9},"end":{"line":29,"column":13}}],"line":29},"9":{"loc":{"start":{"line":30,"column":2},"end":{"line":30,"column":12}},"type":"default-arg","locations":[{"start":{"line":30,"column":9},"end":{"line":30,"column":12}}],"line":30}},"s":{"0":1,"1":1,"2":1,"3":1,"4":8,"5":8,"6":8,"7":8,"8":8,"9":1,"10":8,"11":8,"12":1},"f":{"0":8,"1":8},"b":{"0":[6],"1":[8],"2":[6],"3":[8],"4":[8],"5":[8,0],"6":[6],"7":[6],"8":[8],"9":[8]},"_coverageSchema":"1a1c01bbd47fc00a2c39e90264f33305004495a9","hash":"b7a10acbc6e305ac5fa2eb9ba466616324c47852"}
,"/Users/noahramosgonzalez/Documents/Bootcamp/Backend/Semana 7/lab-testing-movie-api/src/config/db.js": {"path":"/Users/noahramosgonzalez/Documents/Bootcamp/Backend/Semana 7/lab-testing-movie-api/src/config/db.js","statementMap":{"0":{"start":{"line":1,"column":0},"end":{"line":1,"column":27}},"1":{"start":{"line":2,"column":17},"end":{"line":2,"column":30}},"2":{"start":{"line":4,"column":13},"end":{"line":13,"column":2}},"3":{"start":{"line":15,"column":0},"end":{"line":15,"column":22}}},"fnMap":{},"branchMap":{"0":{"loc":{"start":{"line":5,"column":8},"end":{"line":5,"column":42}},"type":"binary-expr","locations":[{"start":{"line":5,"column":8},"end":{"line":5,"column":27}},{"start":{"line":5,"column":31},"end":{"line":5,"column":42}}],"line":5},"1":{"loc":{"start":{"line":6,"column":8},"end":{"line":6,"column":35}},"type":"binary-expr","locations":[{"start":{"line":6,"column":8},"end":{"line":6,"column":27}},{"start":{"line":6,"column":31},"end":{"line":6,"column":35}}],"line":6},"2":{"loc":{"start":{"line":8,"column":4},"end":{"line":10,"column":27}},"type":"cond-expr","locations":[{"start":{"line":9,"column":8},"end":{"line":9,"column":32}},{"start":{"line":10,"column":8},"end":{"line":10,"column":27}}],"line":8}},"s":{"0":2,"1":2,"2":2,"3":2},"f":{},"b":{"0":[2,0],"1":[2,0],"2":[2,0]},"_coverageSchema":"1a1c01bbd47fc00a2c39e90264f33305004495a9","hash":"1d28190b9ef4852b6a40b4ef9932907b0d50e9c3"}
,"/Users/noahramosgonzalez/Documents/Bootcamp/Backend/Semana 7/lab-testing-movie-api/src/controllers/authController.js": {"path":"/Users/noahramosgonzalez/Documents/Bootcamp/Backend/Semana 7/lab-testing-movie-api/src/controllers/authController.js","statementMap":{"0":{"start":{"line":1,"column":15},"end":{"line":1,"column":32}},"1":{"start":{"line":2,"column":12},"end":{"line":2,"column":35}},"2":{"start":{"line":3,"column":13},"end":{"line":3,"column":36}},"3":{"start":{"line":4,"column":17},"end":{"line":4,"column":45}},"4":{"start":{"line":6,"column":20},"end":{"line":6,"column":22}},"5":{"start":{"line":8,"column":21},"end":{"line":17,"column":1}},"6":{"start":{"line":9,"column":2},"end":{"line":16,"column":4}},"7":{"start":{"line":19,"column":28},"end":{"line":28,"column":1}},"8":{"start":{"line":20,"column":2},"end":{"line":27,"column":4}},"9":{"start":{"line":31,"column":17},"end":{"line":79,"column":1}},"10":{"start":{"line":32,"column":2},"end":{"line":78,"column":3}},"11":{"start":{"line":33,"column":45},"end":{"line":33,"column":53}},"12":{"start":{"line":35,"column":4},"end":{"line":37,"column":5}},"13":{"start":{"line":36,"column":6},"end":{"line":36,"column":71}},"14":{"start":{"line":39,"column":4},"end":{"line":44,"column":5}},"15":{"start":{"line":40,"column":6},"end":{"line":43,"column":8}},"16":{"start":{"line":47,"column":19},"end":{"line":50,"column":5}},"17":{"start":{"line":51,"column":4},"end":{"line":53,"column":5}},"18":{"start":{"line":52,"column":6},"end":{"line":52,"column":69}},"19":{"start":{"line":55,"column":26},"end":{"line":55,"column":66}},"20":{"start":{"line":57,"column":21},"end":{"line":57,"column":58}},"21":{"start":{"line":59,"column":21},"end":{"line":64,"column":5}},"22":{"start":{"line":66,"column":20},"end":{"line":66,"column":27}},"23":{"start":{"line":67,"column":18},"end":{"line":67,"column":39}},"24":{"start":{"line":68,"column":25},"end":{"line":68,"column":53}},"25":{"start":{"line":70,"column":4},"end":{"line":73,"column":7}},"26":{"start":{"line":75,"column":4},"end":{"line":75,"column":59}},"27":{"start":{"line":77,"column":4},"end":{"line":77,"column":16}},"28":{"start":{"line":82,"column":14},"end":{"line":129,"column":1}},"29":{"start":{"line":83,"column":2},"end":{"line":128,"column":3}},"30":{"start":{"line":84,"column":32},"end":{"line":84,"column":40}},"31":{"start":{"line":86,"column":4},"end":{"line":88,"column":5}},"32":{"start":{"line":87,"column":6},"end":{"line":87,"column":67}},"33":{"start":{"line":90,"column":21},"end":{"line":93,"column":5}},"34":{"start":{"line":94,"column":4},"end":{"line":96,"column":5}},"35":{"start":{"line":95,"column":6},"end":{"line":95,"column":58}},"36":{"start":{"line":98,"column":20},"end":{"line":98,"column":27}},"37":{"start":{"line":99,"column":27},"end":{"line":102,"column":5}},"38":{"start":{"line":104,"column":4},"end":{"line":106,"column":5}},"39":{"start":{"line":105,"column":6},"end":{"line":105,"column":58}},"40":{"start":{"line":108,"column":18},"end":{"line":108,"column":39}},"41":{"start":{"line":109,"column":25},"end":{"line":109,"column":53}},"42":{"start":{"line":111,"column":4},"end":{"line":114,"column":7}},"43":{"start":{"line":116,"column":4},"end":{"line":125,"column":7}},"44":{"start":{"line":127,"column":4},"end":{"line":127,"column":16}},"45":{"start":{"line":132,"column":15},"end":{"line":146,"column":1}},"46":{"start":{"line":133,"column":2},"end":{"line":145,"column":3}},"47":{"start":{"line":134,"column":21},"end":{"line":137,"column":5}},"48":{"start":{"line":139,"column":4},"end":{"line":141,"column":5}},"49":{"start":{"line":140,"column":6},"end":{"line":140,"column":55}},"50":{"start":{"line":142,"column":4},"end":{"line":142,"column":22}},"51":{"start":{"line":144,"column":4},"end":{"line":144,"column":16}},"52":{"start":{"line":149,"column":18},"end":{"line":177,"column":1}},"53":{"start":{"line":150,"column":2},"end":{"line":176,"column":3}},"54":{"start":{"line":151,"column":29},"end":{"line":151,"column":37}},"55":{"start":{"line":153,"column":4},"end":{"line":155,"column":5}},"56":{"start":{"line":154,"column":6},"end":{"line":154,"column":54}},"57":{"start":{"line":157,"column":20},"end":{"line":157,"column":76}},"58":{"start":{"line":159,"column":21},"end":{"line":161,"column":6}},"59":{"start":{"line":163,"column":20},"end":{"line":163,"column":27}},"60":{"start":{"line":165,"column":4},"end":{"line":165,"column":67}},"61":{"start":{"line":165,"column":18},"end":{"line":165,"column":67}},"62":{"start":{"line":167,"column":4},"end":{"line":169,"column":5}},"63":{"start":{"line":168,"column":6},"end":{"line":168,"column":57}},"64":{"start":{"line":171,"column":23},"end":{"line":171,"column":44}},"65":{"start":{"line":173,"column":4},"end":{"line":173,"column":36}},"66":{"start":{"line":175,"column":4},"end":{"line":175,"column":16}},"67":{"start":{"line":180,"column":15},"end":{"line":200,"column":1}},"68":{"start":{"line":181,"column":2},"end":{"line":199,"column":3}},"69":{"start":{"line":183,"column":23},"end":{"line":183,"column":48}},"70":{"start":{"line":184,"column":18},"end":{"line":184,"column":42}},"71":{"start":{"line":187,"column":4},"end":{"line":189,"column":7}},"72":{"start":{"line":192,"column":4},"end":{"line":194,"column":7}},"73":{"start":{"line":196,"column":4},"end":{"line":196,"column":77}},"74":{"start":{"line":198,"column":4},"end":{"line":198,"column":16}},"75":{"start":{"line":202,"column":0},"end":{"line":202,"column":64}}},"fnMap":{"0":{"name":"(anonymous_0)","decl":{"start":{"line":8,"column":21},"end":{"line":8,"column":22}},"loc":{"start":{"line":8,"column":34},"end":{"line":17,"column":1}},"line":8},"1":{"name":"(anonymous_1)","decl":{"start":{"line":19,"column":28},"end":{"line":19,"column":29}},"loc":{"start":{"line":19,"column":41},"end":{"line":28,"column":1}},"line":19},"2":{"name":"(anonymous_2)","decl":{"start":{"line":31,"column":17},"end":{"line":31,"column":18}},"loc":{"start":{"line":31,"column":43},"end":{"line":79,"column":1}},"line":31},"3":{"name":"(anonymous_3)","decl":{"start":{"line":82,"column":14},"end":{"line":82,"column":15}},"loc":{"start":{"line":82,"column":40},"end":{"line":129,"column":1}},"line":82},"4":{"name":"(anonymous_4)","decl":{"start":{"line":132,"column":15},"end":{"line":132,"column":16}},"loc":{"start":{"line":132,"column":41},"end":{"line":146,"column":1}},"line":132},"5":{"name":"(anonymous_5)","decl":{"start":{"line":149,"column":18},"end":{"line":149,"column":19}},"loc":{"start":{"line":149,"column":44},"end":{"line":177,"column":1}},"line":149},"6":{"name":"(anonymous_6)","decl":{"start":{"line":180,"column":15},"end":{"line":180,"column":16}},"loc":{"start":{"line":180,"column":41},"end":{"line":200,"column":1}},"line":180}},"branchMap":{"0":{"loc":{"start":{"line":15,"column":17},"end":{"line":15,"column":52}},"type":"binary-expr","locations":[{"start":{"line":15,"column":17},"end":{"line":15,"column":43}},{"start":{"line":15,"column":47},"end":{"line":15,"column":52}}],"line":15},"1":{"loc":{"start":{"line":26,"column":17},"end":{"line":26,"column":58}},"type":"binary-expr","locations":[{"start":{"line":26,"column":17},"end":{"line":26,"column":50}},{"start":{"line":26,"column":54},"end":{"line":26,"column":58}}],"line":26},"2":{"loc":{"start":{"line":35,"column":4},"end":{"line":37,"column":5}},"type":"if","locations":[{"start":{"line":35,"column":4},"end":{"line":37,"column":5}},{"start":{},"end":{}}],"line":35},"3":{"loc":{"start":{"line":35,"column":8},"end":{"line":35,"column":38}},"type":"binary-expr","locations":[{"start":{"line":35,"column":8},"end":{"line":35,"column":15}},{"start":{"line":35,"column":19},"end":{"line":35,"column":25}},{"start":{"line":35,"column":29},"end":{"line":35,"column":38}}],"line":35},"4":{"loc":{"start":{"line":39,"column":4},"end":{"line":44,"column":5}},"type":"if","locations":[{"start":{"line":39,"column":4},"end":{"line":44,"column":5}},{"start":{},"end":{}}],"line":39},"5":{"loc":{"start":{"line":51,"column":4},"end":{"line":53,"column":5}},"type":"if","locations":[{"start":{"line":51,"column":4},"end":{"line":53,"column":5}},{"start":{},"end":{}}],"line":51},"6":{"loc":{"start":{"line":57,"column":21},"end":{"line":57,"column":58}},"type":"cond-expr","locations":[{"start":{"line":57,"column":39},"end":{"line":57,"column":46}},{"start":{"line":57,"column":49},"end":{"line":57,"column":58}}],"line":57},"7":{"loc":{"start":{"line":86,"column":4},"end":{"line":88,"column":5}},"type":"if","locations":[{"start":{"line":86,"column":4},"end":{"line":88,"column":5}},{"start":{},"end":{}}],"line":86},"8":{"loc":{"start":{"line":86,"column":8},"end":{"line":86,"column":27}},"type":"binary-expr","locations":[{"start":{"line":86,"column":8},"end":{"line":86,"column":14}},{"start":{"line":86,"column":18},"end":{"line":86,"column":27}}],"line":86},"9":{"loc":{"start":{"line":94,"column":4},"end":{"line":96,"column":5}},"type":"if","locations":[{"start":{"line":94,"column":4},"end":{"line":96,"column":5}},{"start":{},"end":{}}],"line":94},"10":{"loc":{"start":{"line":104,"column":4},"end":{"line":106,"column":5}},"type":"if","locations":[{"start":{"line":104,"column":4},"end":{"line":106,"column":5}},{"start":{},"end":{}}],"line":104},"11":{"loc":{"start":{"line":139,"column":4},"end":{"line":141,"column":5}},"type":"if","locations":[{"start":{"line":139,"column":4},"end":{"line":141,"column":5}},{"start":{},"end":{}}],"line":139},"12":{"loc":{"start":{"line":153,"column":4},"end":{"line":155,"column":5}},"type":"if","locations":[{"start":{"line":153,"column":4},"end":{"line":155,"column":5}},{"start":{},"end":{}}],"line":153},"13":{"loc":{"start":{"line":165,"column":4},"end":{"line":165,"column":67}},"type":"if","locations":[{"start":{"line":165,"column":4},"end":{"line":165,"column":67}},{"start":{},"end":{}}],"line":165},"14":{"loc":{"start":{"line":167,"column":4},"end":{"line":169,"column":5}},"type":"if","locations":[{"start":{"line":167,"column":4},"end":{"line":169,"column":5}},{"start":{},"end":{}}],"line":167}},"s":{"0":2,"1":2,"2":2,"3":2,"4":2,"5":2,"6":0,"7":2,"8":0,"9":2,"10":0,"11":0,"12":0,"13":0,"14":0,"15":0,"16":0,"17":0,"18":0,"19":0,"20":0,"21":0,"22":0,"23":0,"24":0,"25":0,"26":0,"27":0,"28":2,"29":0,"30":0,"31":0,"32":0,"33":0,"34":0,"35":0,"36":0,"37":0,"38":0,"39":0,"40":0,"41":0,"42":0,"43":0,"44":0,"45":2,"46":0,"47":0,"48":0,"49":0,"50":0,"51":0,"52":2,"53":0,"54":0,"55":0,"56":0,"57":0,"58":0,"59":0,"60":0,"61":0,"62":0,"63":0,"64":0,"65":0,"66":0,"67":2,"68":0,"69":0,"70":0,"71":0,"72":0,"73":0,"74":0,"75":2},"f":{"0":0,"1":0,"2":0,"3":0,"4":0,"5":0,"6":0},"b":{"0":[0,0],"1":[0,0],"2":[0,0],"3":[0,0,0],"4":[0,0],"5":[0,0],"6":[0,0],"7":[0,0],"8":[0,0],"9":[0,0],"10":[0,0],"11":[0,0],"12":[0,0],"13":[0,0],"14":[0,0]},"_coverageSchema":"1a1c01bbd47fc00a2c39e90264f33305004495a9","hash":"d0b0bfeaabaf762bd1d3599cd7adc342e536e9d8"}
,"/Users/noahramosgonzalez/Documents/Bootcamp/Backend/Semana 7/lab-testing-movie-api/src/controllers/directoresController.js": {"path":"/Users/noahramosgonzalez/Documents/Bootcamp/Backend/Semana 7/lab-testing-movie-api/src/controllers/directoresController.js","statementMap":{"0":{"start":{"line":1,"column":24},"end":{"line":1,"column":62}},"1":{"start":{"line":3,"column":25},"end":{"line":10,"column":1}},"2":{"start":{"line":4,"column":2},"end":{"line":9,"column":3}},"3":{"start":{"line":5,"column":23},"end":{"line":5,"column":59}},"4":{"start":{"line":6,"column":4},"end":{"line":6,"column":25}},"5":{"start":{"line":8,"column":4},"end":{"line":8,"column":16}},"6":{"start":{"line":12,"column":34},"end":{"line":20,"column":1}},"7":{"start":{"line":13,"column":2},"end":{"line":19,"column":3}},"8":{"start":{"line":14,"column":15},"end":{"line":14,"column":36}},"9":{"start":{"line":15,"column":22},"end":{"line":15,"column":75}},"10":{"start":{"line":16,"column":4},"end":{"line":16,"column":24}},"11":{"start":{"line":18,"column":4},"end":{"line":18,"column":16}},"12":{"start":{"line":22,"column":0},"end":{"line":25,"column":2}}},"fnMap":{"0":{"name":"(anonymous_0)","decl":{"start":{"line":3,"column":25},"end":{"line":3,"column":26}},"loc":{"start":{"line":3,"column":51},"end":{"line":10,"column":1}},"line":3},"1":{"name":"(anonymous_1)","decl":{"start":{"line":12,"column":34},"end":{"line":12,"column":35}},"loc":{"start":{"line":12,"column":60},"end":{"line":20,"column":1}},"line":12}},"branchMap":{},"s":{"0":2,"1":2,"2":0,"3":0,"4":0,"5":0,"6":2,"7":0,"8":0,"9":0,"10":0,"11":0,"12":2},"f":{"0":0,"1":0},"b":{},"_coverageSchema":"1a1c01bbd47fc00a2c39e90264f33305004495a9","hash":"0a067d62a10f0b7aa0baa94cd0708c7b0a488c1a"}
,"/Users/noahramosgonzalez/Documents/Bootcamp/Backend/Semana 7/lab-testing-movie-api/src/controllers/favoritosController.js": {"path":"/Users/noahramosgonzalez/Documents/Bootcamp/Backend/Semana 7/lab-testing-movie-api/src/controllers/favoritosController.js","statementMap":{"0":{"start":{"line":1,"column":13},"end":{"line":1,"column":36}},"1":{"start":{"line":2,"column":17},"end":{"line":2,"column":45}},"2":{"start":{"line":3,"column":32},"end":{"line":3,"column":69}},"3":{"start":{"line":6,"column":23},"end":{"line":28,"column":1}},"4":{"start":{"line":7,"column":2},"end":{"line":27,"column":3}},"5":{"start":{"line":8,"column":23},"end":{"line":8,"column":52}},"6":{"start":{"line":9,"column":22},"end":{"line":9,"column":36}},"7":{"start":{"line":11,"column":4},"end":{"line":11,"column":46}},"8":{"start":{"line":13,"column":4},"end":{"line":24,"column":5}},"9":{"start":{"line":14,"column":23},"end":{"line":17,"column":7}},"10":{"start":{"line":18,"column":6},"end":{"line":18,"column":60}},"11":{"start":{"line":20,"column":6},"end":{"line":22,"column":7}},"12":{"start":{"line":21,"column":8},"end":{"line":21,"column":74}},"13":{"start":{"line":23,"column":6},"end":{"line":23,"column":16}},"14":{"start":{"line":26,"column":4},"end":{"line":26,"column":14}},"15":{"start":{"line":31,"column":23},"end":{"line":49,"column":1}},"16":{"start":{"line":32,"column":2},"end":{"line":48,"column":3}},"17":{"start":{"line":33,"column":23},"end":{"line":33,"column":52}},"18":{"start":{"line":34,"column":22},"end":{"line":34,"column":36}},"19":{"start":{"line":36,"column":25},"end":{"line":39,"column":5}},"20":{"start":{"line":41,"column":4},"end":{"line":43,"column":5}},"21":{"start":{"line":42,"column":6},"end":{"line":42,"column":56}},"22":{"start":{"line":45,"column":4},"end":{"line":45,"column":62}},"23":{"start":{"line":47,"column":4},"end":{"line":47,"column":14}},"24":{"start":{"line":52,"column":24},"end":{"line":69,"column":1}},"25":{"start":{"line":53,"column":2},"end":{"line":68,"column":3}},"26":{"start":{"line":54,"column":22},"end":{"line":54,"column":36}},"27":{"start":{"line":56,"column":21},"end":{"line":63,"column":5}},"28":{"start":{"line":65,"column":4},"end":{"line":65,"column":19}},"29":{"start":{"line":67,"column":4},"end":{"line":67,"column":14}},"30":{"start":{"line":71,"column":0},"end":{"line":71,"column":69}}},"fnMap":{"0":{"name":"(anonymous_0)","decl":{"start":{"line":6,"column":23},"end":{"line":6,"column":24}},"loc":{"start":{"line":6,"column":49},"end":{"line":28,"column":1}},"line":6},"1":{"name":"(anonymous_1)","decl":{"start":{"line":31,"column":23},"end":{"line":31,"column":24}},"loc":{"start":{"line":31,"column":49},"end":{"line":49,"column":1}},"line":31},"2":{"name":"(anonymous_2)","decl":{"start":{"line":52,"column":24},"end":{"line":52,"column":25}},"loc":{"start":{"line":52,"column":50},"end":{"line":69,"column":1}},"line":52}},"branchMap":{"0":{"loc":{"start":{"line":20,"column":6},"end":{"line":22,"column":7}},"type":"if","locations":[{"start":{"line":20,"column":6},"end":{"line":22,"column":7}},{"start":{},"end":{}}],"line":20},"1":{"loc":{"start":{"line":41,"column":4},"end":{"line":43,"column":5}},"type":"if","locations":[{"start":{"line":41,"column":4},"end":{"line":43,"column":5}},{"start":{},"end":{}}],"line":41}},"s":{"0":2,"1":2,"2":2,"3":2,"4":8,"5":8,"6":8,"7":8,"8":7,"9":7,"10":6,"11":1,"12":1,"13":0,"14":2,"15":2,"16":2,"17":2,"18":2,"19":2,"20":2,"21":1,"22":1,"23":1,"24":2,"25":2,"26":2,"27":2,"28":2,"29":0,"30":2},"f":{"0":8,"1":2,"2":2},"b":{"0":[1,0],"1":[1,1]},"_coverageSchema":"1a1c01bbd47fc00a2c39e90264f33305004495a9","hash":"ec5eb298c87a704e9c56ee3d4aafd8d41eff1368"}
,"/Users/noahramosgonzalez/Documents/Bootcamp/Backend/Semana 7/lab-testing-movie-api/src/controllers/peliculasController.js": {"path":"/Users/noahramosgonzalez/Documents/Bootcamp/Backend/Semana 7/lab-testing-movie-api/src/controllers/peliculasController.js","statementMap":{"0":{"start":{"line":2,"column":24},"end":{"line":2,"column":62}},"1":{"start":{"line":5,"column":24},"end":{"line":12,"column":1}},"2":{"start":{"line":6,"column":2},"end":{"line":11,"column":3}},"3":{"start":{"line":7,"column":22},"end":{"line":7,"column":67}},"4":{"start":{"line":8,"column":4},"end":{"line":8,"column":24}},"5":{"start":{"line":10,"column":4},"end":{"line":10,"column":16}},"6":{"start":{"line":15,"column":24},"end":{"line":22,"column":1}},"7":{"start":{"line":16,"column":2},"end":{"line":21,"column":3}},"8":{"start":{"line":17,"column":22},"end":{"line":17,"column":79}},"9":{"start":{"line":18,"column":4},"end":{"line":18,"column":24}},"10":{"start":{"line":20,"column":4},"end":{"line":20,"column":16}},"11":{"start":{"line":25,"column":22},"end":{"line":51,"column":1}},"12":{"start":{"line":26,"column":2},"end":{"line":50,"column":3}},"13":{"start":{"line":27,"column":59},"end":{"line":27,"column":67}},"14":{"start":{"line":29,"column":4},"end":{"line":33,"column":5}},"15":{"start":{"line":30,"column":6},"end":{"line":32,"column":9}},"16":{"start":{"line":35,"column":4},"end":{"line":37,"column":5}},"17":{"start":{"line":36,"column":6},"end":{"line":36,"column":80}},"18":{"start":{"line":39,"column":26},"end":{"line":45,"column":6}},"19":{"start":{"line":47,"column":4},"end":{"line":47,"column":40}},"20":{"start":{"line":49,"column":4},"end":{"line":49,"column":16}},"21":{"start":{"line":54,"column":27},"end":{"line":77,"column":1}},"22":{"start":{"line":55,"column":2},"end":{"line":76,"column":3}},"23":{"start":{"line":56,"column":15},"end":{"line":56,"column":36}},"24":{"start":{"line":57,"column":59},"end":{"line":57,"column":67}},"25":{"start":{"line":59,"column":4},"end":{"line":63,"column":5}},"26":{"start":{"line":60,"column":6},"end":{"line":62,"column":9}},"27":{"start":{"line":65,"column":32},"end":{"line":71,"column":6}},"28":{"start":{"line":73,"column":4},"end":{"line":73,"column":34}},"29":{"start":{"line":75,"column":4},"end":{"line":75,"column":16}},"30":{"start":{"line":80,"column":22},"end":{"line":109,"column":1}},"31":{"start":{"line":81,"column":2},"end":{"line":108,"column":3}},"32":{"start":{"line":82,"column":15},"end":{"line":82,"column":36}},"33":{"start":{"line":83,"column":21},"end":{"line":83,"column":59}},"34":{"start":{"line":85,"column":30},"end":{"line":85,"column":45}},"35":{"start":{"line":87,"column":4},"end":{"line":87,"column":32}},"36":{"start":{"line":89,"column":4},"end":{"line":91,"column":5}},"37":{"start":{"line":90,"column":6},"end":{"line":90,"column":62}},"38":{"start":{"line":93,"column":4},"end":{"line":101,"column":5}},"39":{"start":{"line":94,"column":24},"end":{"line":94,"column":54}},"40":{"start":{"line":95,"column":6},"end":{"line":99,"column":7}},"41":{"start":{"line":96,"column":8},"end":{"line":98,"column":62}},"42":{"start":{"line":100,"column":6},"end":{"line":100,"column":41}},"43":{"start":{"line":103,"column":22},"end":{"line":103,"column":77}},"44":{"start":{"line":105,"column":4},"end":{"line":105,"column":24}},"45":{"start":{"line":107,"column":4},"end":{"line":107,"column":16}},"46":{"start":{"line":112,"column":25},"end":{"line":121,"column":1}},"47":{"start":{"line":113,"column":2},"end":{"line":120,"column":3}},"48":{"start":{"line":114,"column":15},"end":{"line":114,"column":36}},"49":{"start":{"line":115,"column":22},"end":{"line":115,"column":56}},"50":{"start":{"line":117,"column":4},"end":{"line":117,"column":69}},"51":{"start":{"line":119,"column":4},"end":{"line":119,"column":16}},"52":{"start":{"line":124,"column":28},"end":{"line":131,"column":1}},"53":{"start":{"line":125,"column":2},"end":{"line":130,"column":3}},"54":{"start":{"line":126,"column":18},"end":{"line":126,"column":61}},"55":{"start":{"line":127,"column":4},"end":{"line":127,"column":20}},"56":{"start":{"line":129,"column":4},"end":{"line":129,"column":16}},"57":{"start":{"line":134,"column":22},"end":{"line":144,"column":1}},"58":{"start":{"line":135,"column":2},"end":{"line":143,"column":3}},"59":{"start":{"line":136,"column":23},"end":{"line":136,"column":44}},"60":{"start":{"line":137,"column":21},"end":{"line":137,"column":67}},"61":{"start":{"line":139,"column":20},"end":{"line":139,"column":68}},"62":{"start":{"line":140,"column":4},"end":{"line":140,"column":53}},"63":{"start":{"line":142,"column":4},"end":{"line":142,"column":16}},"64":{"start":{"line":147,"column":20},"end":{"line":176,"column":1}},"65":{"start":{"line":148,"column":2},"end":{"line":175,"column":3}},"66":{"start":{"line":149,"column":23},"end":{"line":149,"column":44}},"67":{"start":{"line":150,"column":21},"end":{"line":150,"column":67}},"68":{"start":{"line":152,"column":41},"end":{"line":152,"column":49}},"69":{"start":{"line":154,"column":4},"end":{"line":158,"column":5}},"70":{"start":{"line":155,"column":6},"end":{"line":157,"column":9}},"71":{"start":{"line":160,"column":4},"end":{"line":164,"column":5}},"72":{"start":{"line":161,"column":6},"end":{"line":163,"column":64}},"73":{"start":{"line":166,"column":18},"end":{"line":170,"column":6}},"74":{"start":{"line":172,"column":4},"end":{"line":172,"column":32}},"75":{"start":{"line":174,"column":4},"end":{"line":174,"column":16}},"76":{"start":{"line":178,"column":26},"end":{"line":191,"column":1}},"77":{"start":{"line":179,"column":2},"end":{"line":190,"column":3}},"78":{"start":{"line":180,"column":23},"end":{"line":180,"column":44}},"79":{"start":{"line":181,"column":41},"end":{"line":181,"column":49}},"80":{"start":{"line":182,"column":22},"end":{"line":186,"column":6}},"81":{"start":{"line":187,"column":4},"end":{"line":187,"column":36}},"82":{"start":{"line":189,"column":4},"end":{"line":189,"column":16}},"83":{"start":{"line":194,"column":31},"end":{"line":213,"column":1}},"84":{"start":{"line":195,"column":2},"end":{"line":212,"column":3}},"85":{"start":{"line":196,"column":21},"end":{"line":208,"column":6}},"86":{"start":{"line":209,"column":4},"end":{"line":209,"column":19}},"87":{"start":{"line":211,"column":4},"end":{"line":211,"column":14}},"88":{"start":{"line":216,"column":28},"end":{"line":238,"column":1}},"89":{"start":{"line":217,"column":2},"end":{"line":237,"column":3}},"90":{"start":{"line":218,"column":21},"end":{"line":233,"column":6}},"91":{"start":{"line":234,"column":4},"end":{"line":234,"column":19}},"92":{"start":{"line":236,"column":4},"end":{"line":236,"column":14}},"93":{"start":{"line":240,"column":0},"end":{"line":253,"column":2}}},"fnMap":{"0":{"name":"(anonymous_0)","decl":{"start":{"line":5,"column":24},"end":{"line":5,"column":25}},"loc":{"start":{"line":5,"column":50},"end":{"line":12,"column":1}},"line":5},"1":{"name":"(anonymous_1)","decl":{"start":{"line":15,"column":24},"end":{"line":15,"column":25}},"loc":{"start":{"line":15,"column":50},"end":{"line":22,"column":1}},"line":15},"2":{"name":"(anonymous_2)","decl":{"start":{"line":25,"column":22},"end":{"line":25,"column":23}},"loc":{"start":{"line":25,"column":48},"end":{"line":51,"column":1}},"line":25},"3":{"name":"(anonymous_3)","decl":{"start":{"line":54,"column":27},"end":{"line":54,"column":28}},"loc":{"start":{"line":54,"column":53},"end":{"line":77,"column":1}},"line":54},"4":{"name":"(anonymous_4)","decl":{"start":{"line":80,"column":22},"end":{"line":80,"column":23}},"loc":{"start":{"line":80,"column":48},"end":{"line":109,"column":1}},"line":80},"5":{"name":"(anonymous_5)","decl":{"start":{"line":112,"column":25},"end":{"line":112,"column":26}},"loc":{"start":{"line":112,"column":51},"end":{"line":121,"column":1}},"line":112},"6":{"name":"(anonymous_6)","decl":{"start":{"line":124,"column":28},"end":{"line":124,"column":29}},"loc":{"start":{"line":124,"column":54},"end":{"line":131,"column":1}},"line":124},"7":{"name":"(anonymous_7)","decl":{"start":{"line":134,"column":22},"end":{"line":134,"column":23}},"loc":{"start":{"line":134,"column":48},"end":{"line":144,"column":1}},"line":134},"8":{"name":"(anonymous_8)","decl":{"start":{"line":147,"column":20},"end":{"line":147,"column":21}},"loc":{"start":{"line":147,"column":46},"end":{"line":176,"column":1}},"line":147},"9":{"name":"(anonymous_9)","decl":{"start":{"line":178,"column":26},"end":{"line":178,"column":27}},"loc":{"start":{"line":178,"column":52},"end":{"line":191,"column":1}},"line":178},"10":{"name":"(anonymous_10)","decl":{"start":{"line":194,"column":31},"end":{"line":194,"column":32}},"loc":{"start":{"line":194,"column":57},"end":{"line":213,"column":1}},"line":194},"11":{"name":"(anonymous_11)","decl":{"start":{"line":216,"column":28},"end":{"line":216,"column":29}},"loc":{"start":{"line":216,"column":54},"end":{"line":238,"column":1}},"line":216}},"branchMap":{"0":{"loc":{"start":{"line":29,"column":4},"end":{"line":33,"column":5}},"type":"if","locations":[{"start":{"line":29,"column":4},"end":{"line":33,"column":5}},{"start":{},"end":{}}],"line":29},"1":{"loc":{"start":{"line":29,"column":8},"end":{"line":29,"column":54}},"type":"binary-expr","locations":[{"start":{"line":29,"column":8},"end":{"line":29,"column":15}},{"start":{"line":29,"column":19},"end":{"line":29,"column":31}},{"start":{"line":29,"column":35},"end":{"line":29,"column":40}},{"start":{"line":29,"column":44},"end":{"line":29,"column":54}}],"line":29},"2":{"loc":{"start":{"line":35,"column":4},"end":{"line":37,"column":5}},"type":"if","locations":[{"start":{"line":35,"column":4},"end":{"line":37,"column":5}},{"start":{},"end":{}}],"line":35},"3":{"loc":{"start":{"line":35,"column":8},"end":{"line":35,"column":53}},"type":"binary-expr","locations":[{"start":{"line":35,"column":8},"end":{"line":35,"column":26}},{"start":{"line":35,"column":31},"end":{"line":35,"column":39}},{"start":{"line":35,"column":43},"end":{"line":35,"column":52}}],"line":35},"4":{"loc":{"start":{"line":59,"column":4},"end":{"line":63,"column":5}},"type":"if","locations":[{"start":{"line":59,"column":4},"end":{"line":63,"column":5}},{"start":{},"end":{}}],"line":59},"5":{"loc":{"start":{"line":59,"column":8},"end":{"line":59,"column":54}},"type":"binary-expr","locations":[{"start":{"line":59,"column":8},"end":{"line":59,"column":15}},{"start":{"line":59,"column":19},"end":{"line":59,"column":31}},{"start":{"line":59,"column":35},"end":{"line":59,"column":40}},{"start":{"line":59,"column":44},"end":{"line":59,"column":54}}],"line":59},"6":{"loc":{"start":{"line":89,"column":4},"end":{"line":91,"column":5}},"type":"if","locations":[{"start":{"line":89,"column":4},"end":{"line":91,"column":5}},{"start":{},"end":{}}],"line":89},"7":{"loc":{"start":{"line":93,"column":4},"end":{"line":101,"column":5}},"type":"if","locations":[{"start":{"line":93,"column":4},"end":{"line":101,"column":5}},{"start":{},"end":{}}],"line":93},"8":{"loc":{"start":{"line":95,"column":6},"end":{"line":99,"column":7}},"type":"if","locations":[{"start":{"line":95,"column":6},"end":{"line":99,"column":7}},{"start":{},"end":{}}],"line":95},"9":{"loc":{"start":{"line":95,"column":10},"end":{"line":95,"column":41}},"type":"binary-expr","locations":[{"start":{"line":95,"column":10},"end":{"line":95,"column":23}},{"start":{"line":95,"column":27},"end":{"line":95,"column":41}}],"line":95},"10":{"loc":{"start":{"line":154,"column":4},"end":{"line":158,"column":5}},"type":"if","locations":[{"start":{"line":154,"column":4},"end":{"line":158,"column":5}},{"start":{},"end":{}}],"line":154},"11":{"loc":{"start":{"line":154,"column":8},"end":{"line":154,"column":52}},"type":"binary-expr","locations":[{"start":{"line":154,"column":8},"end":{"line":154,"column":14}},{"start":{"line":154,"column":18},"end":{"line":154,"column":24}},{"start":{"line":154,"column":28},"end":{"line":154,"column":52}}],"line":154},"12":{"loc":{"start":{"line":160,"column":4},"end":{"line":164,"column":5}},"type":"if","locations":[{"start":{"line":160,"column":4},"end":{"line":164,"column":5}},{"start":{},"end":{}}],"line":160},"13":{"loc":{"start":{"line":160,"column":8},"end":{"line":160,"column":41}},"type":"binary-expr","locations":[{"start":{"line":160,"column":8},"end":{"line":160,"column":22}},{"start":{"line":160,"column":26},"end":{"line":160,"column":41}}],"line":160}},"s":{"0":2,"1":2,"2":0,"3":0,"4":0,"5":0,"6":2,"7":0,"8":0,"9":0,"10":0,"11":2,"12":0,"13":0,"14":0,"15":0,"16":0,"17":0,"18":0,"19":0,"20":0,"21":2,"22":0,"23":0,"24":0,"25":0,"26":0,"27":0,"28":0,"29":0,"30":2,"31":0,"32":0,"33":0,"34":0,"35":0,"36":0,"37":0,"38":0,"39":0,"40":0,"41":0,"42":0,"43":0,"44":0,"45":0,"46":2,"47":0,"48":0,"49":0,"50":0,"51":0,"52":2,"53":0,"54":0,"55":0,"56":0,"57":2,"58":0,"59":0,"60":0,"61":0,"62":0,"63":0,"64":2,"65":0,"66":0,"67":0,"68":0,"69":0,"70":0,"71":0,"72":0,"73":0,"74":0,"75":0,"76":2,"77":0,"78":0,"79":0,"80":0,"81":0,"82":0,"83":2,"84":0,"85":0,"86":0,"87":0,"88":2,"89":0,"90":0,"91":0,"92":0,"93":2},"f":{"0":0,"1":0,"2":0,"3":0,"4":0,"5":0,"6":0,"7":0,"8":0,"9":0,"10":0,"11":0},"b":{"0":[0,0],"1":[0,0,0,0],"2":[0,0],"3":[0,0,0],"4":[0,0],"5":[0,0,0,0],"6":[0,0],"7":[0,0],"8":[0,0],"9":[0,0],"10":[0,0],"11":[0,0,0],"12":[0,0],"13":[0,0]},"_coverageSchema":"1a1c01bbd47fc00a2c39e90264f33305004495a9","hash":"d0ba026d5fc9123d5a0b5d97212a0b362c78fc8c"}
,"/Users/noahramosgonzalez/Documents/Bootcamp/Backend/Semana 7/lab-testing-movie-api/src/middleware/auditoria.js": {"path":"/Users/noahramosgonzalez/Documents/Bootcamp/Backend/Semana 7/lab-testing-movie-api/src/middleware/auditoria.js","statementMap":{"0":{"start":{"line":1,"column":13},"end":{"line":1,"column":36}},"1":{"start":{"line":3,"column":18},"end":{"line":31,"column":1}},"2":{"start":{"line":5,"column":15},"end":{"line":5,"column":30}},"3":{"start":{"line":6,"column":17},"end":{"line":6,"column":27}},"4":{"start":{"line":10,"column":2},"end":{"line":27,"column":5}},"5":{"start":{"line":11,"column":4},"end":{"line":26,"column":5}},"6":{"start":{"line":13,"column":24},"end":{"line":13,"column":59}},"7":{"start":{"line":14,"column":25},"end":{"line":14,"column":39}},"8":{"start":{"line":17,"column":6},"end":{"line":21,"column":8}},"9":{"start":{"line":25,"column":6},"end":{"line":25,"column":68}},"10":{"start":{"line":30,"column":2},"end":{"line":30,"column":9}},"11":{"start":{"line":33,"column":0},"end":{"line":33,"column":27}}},"fnMap":{"0":{"name":"(anonymous_0)","decl":{"start":{"line":3,"column":18},"end":{"line":3,"column":19}},"loc":{"start":{"line":3,"column":38},"end":{"line":31,"column":1}},"line":3},"1":{"name":"(anonymous_1)","decl":{"start":{"line":10,"column":19},"end":{"line":10,"column":20}},"loc":{"start":{"line":10,"column":31},"end":{"line":27,"column":3}},"line":10}},"branchMap":{"0":{"loc":{"start":{"line":13,"column":24},"end":{"line":13,"column":59}},"type":"cond-expr","locations":[{"start":{"line":13,"column":38},"end":{"line":13,"column":52}},{"start":{"line":13,"column":55},"end":{"line":13,"column":59}}],"line":13}},"s":{"0":2,"1":2,"2":0,"3":0,"4":0,"5":0,"6":0,"7":0,"8":0,"9":0,"10":0,"11":2},"f":{"0":0,"1":0},"b":{"0":[0,0]},"_coverageSchema":"1a1c01bbd47fc00a2c39e90264f33305004495a9","hash":"9871caa5c6cf3dd31d45d05866edcd8c3a37fe54"}
,"/Users/noahramosgonzalez/Documents/Bootcamp/Backend/Semana 7/lab-testing-movie-api/src/middleware/verificarRol.js": {"path":"/Users/noahramosgonzalez/Documents/Bootcamp/Backend/Semana 7/lab-testing-movie-api/src/middleware/verificarRol.js","statementMap":{"0":{"start":{"line":1,"column":17},"end":{"line":1,"column":45}},"1":{"start":{"line":4,"column":21},"end":{"line":20,"column":1}},"2":{"start":{"line":5,"column":2},"end":{"line":19,"column":4}},"3":{"start":{"line":6,"column":4},"end":{"line":8,"column":5}},"4":{"start":{"line":7,"column":6},"end":{"line":7,"column":55}},"5":{"start":{"line":10,"column":4},"end":{"line":17,"column":5}},"6":{"start":{"line":11,"column":6},"end":{"line":16,"column":8}},"7":{"start":{"line":18,"column":4},"end":{"line":18,"column":11}},"8":{"start":{"line":22,"column":0},"end":{"line":22,"column":30}}},"fnMap":{"0":{"name":"(anonymous_0)","decl":{"start":{"line":4,"column":21},"end":{"line":4,"column":22}},"loc":{"start":{"line":4,"column":45},"end":{"line":20,"column":1}},"line":4},"1":{"name":"(anonymous_1)","decl":{"start":{"line":5,"column":9},"end":{"line":5,"column":10}},"loc":{"start":{"line":5,"column":29},"end":{"line":19,"column":3}},"line":5}},"branchMap":{"0":{"loc":{"start":{"line":6,"column":4},"end":{"line":8,"column":5}},"type":"if","locations":[{"start":{"line":6,"column":4},"end":{"line":8,"column":5}},{"start":{},"end":{}}],"line":6},"1":{"loc":{"start":{"line":10,"column":4},"end":{"line":17,"column":5}},"type":"if","locations":[{"start":{"line":10,"column":4},"end":{"line":17,"column":5}},{"start":{},"end":{}}],"line":10}},"s":{"0":2,"1":2,"2":6,"3":0,"4":0,"5":0,"6":0,"7":0,"8":2},"f":{"0":6,"1":0},"b":{"0":[0,0],"1":[0,0]},"_coverageSchema":"1a1c01bbd47fc00a2c39e90264f33305004495a9","hash":"2729e4ac244cf565551f6a5575d6f749c305be7f"}
,"/Users/noahramosgonzalez/Documents/Bootcamp/Backend/Semana 7/lab-testing-movie-api/src/middleware/verificarToken.js": {"path":"/Users/noahramosgonzalez/Documents/Bootcamp/Backend/Semana 7/lab-testing-movie-api/src/middleware/verificarToken.js","statementMap":{"0":{"start":{"line":1,"column":12},"end":{"line":1,"column":35}},"1":{"start":{"line":2,"column":17},"end":{"line":2,"column":45}},"2":{"start":{"line":4,"column":23},"end":{"line":36,"column":1}},"3":{"start":{"line":5,"column":2},"end":{"line":35,"column":3}},"4":{"start":{"line":7,"column":23},"end":{"line":7,"column":77}},"5":{"start":{"line":10,"column":4},"end":{"line":12,"column":5}},"6":{"start":{"line":11,"column":6},"end":{"line":11,"column":77}},"7":{"start":{"line":15,"column":18},"end":{"line":15,"column":42}},"8":{"start":{"line":19,"column":20},"end":{"line":19,"column":59}},"9":{"start":{"line":22,"column":20},"end":{"line":22,"column":46}},"10":{"start":{"line":25,"column":4},"end":{"line":25,"column":26}},"11":{"start":{"line":26,"column":4},"end":{"line":26,"column":11}},"12":{"start":{"line":29,"column":4},"end":{"line":31,"column":5}},"13":{"start":{"line":30,"column":6},"end":{"line":30,"column":55}},"14":{"start":{"line":34,"column":4},"end":{"line":34,"column":53}},"15":{"start":{"line":38,"column":0},"end":{"line":38,"column":32}}},"fnMap":{"0":{"name":"(anonymous_0)","decl":{"start":{"line":4,"column":23},"end":{"line":4,"column":24}},"loc":{"start":{"line":4,"column":43},"end":{"line":36,"column":1}},"line":4}},"branchMap":{"0":{"loc":{"start":{"line":7,"column":23},"end":{"line":7,"column":77}},"type":"binary-expr","locations":[{"start":{"line":7,"column":23},"end":{"line":7,"column":48}},{"start":{"line":7,"column":52},"end":{"line":7,"column":77}}],"line":7},"1":{"loc":{"start":{"line":10,"column":4},"end":{"line":12,"column":5}},"type":"if","locations":[{"start":{"line":10,"column":4},"end":{"line":12,"column":5}},{"start":{},"end":{}}],"line":10},"2":{"loc":{"start":{"line":10,"column":8},"end":{"line":10,"column":56}},"type":"binary-expr","locations":[{"start":{"line":10,"column":8},"end":{"line":10,"column":19}},{"start":{"line":10,"column":23},"end":{"line":10,"column":56}}],"line":10},"3":{"loc":{"start":{"line":19,"column":20},"end":{"line":19,"column":59}},"type":"binary-expr","locations":[{"start":{"line":19,"column":20},"end":{"line":19,"column":42}},{"start":{"line":19,"column":46},"end":{"line":19,"column":59}}],"line":19},"4":{"loc":{"start":{"line":29,"column":4},"end":{"line":31,"column":5}},"type":"if","locations":[{"start":{"line":29,"column":4},"end":{"line":31,"column":5}},{"start":{},"end":{}}],"line":29}},"s":{"0":2,"1":2,"2":2,"3":17,"4":17,"5":17,"6":3,"7":14,"8":14,"9":14,"10":12,"11":12,"12":5,"13":1,"14":4,"15":2},"f":{"0":17},"b":{"0":[17,2],"1":[3,14],"2":[17,15],"3":[14,0],"4":[1,4]},"_coverageSchema":"1a1c01bbd47fc00a2c39e90264f33305004495a9","hash":"db676cb222f31e9d149afd53d2bc97dab2b85537"}
,"/Users/noahramosgonzalez/Documents/Bootcamp/Backend/Semana 7/lab-testing-movie-api/src/routes/auth.js": {"path":"/Users/noahramosgonzalez/Documents/Bootcamp/Backend/Semana 7/lab-testing-movie-api/src/routes/auth.js","statementMap":{"0":{"start":{"line":1,"column":19},"end":{"line":1,"column":37}},"1":{"start":{"line":2,"column":15},"end":{"line":2,"column":23}},"2":{"start":{"line":9,"column":4},"end":{"line":9,"column":44}},"3":{"start":{"line":10,"column":23},"end":{"line":10,"column":62}},"4":{"start":{"line":12,"column":0},"end":{"line":12,"column":35}},"5":{"start":{"line":13,"column":0},"end":{"line":13,"column":29}},"6":{"start":{"line":14,"column":0},"end":{"line":14,"column":46}},"7":{"start":{"line":15,"column":0},"end":{"line":15,"column":35}},"8":{"start":{"line":16,"column":0},"end":{"line":16,"column":47}},"9":{"start":{"line":18,"column":0},"end":{"line":18,"column":24}}},"fnMap":{},"branchMap":{},"s":{"0":2,"1":2,"2":2,"3":2,"4":2,"5":2,"6":2,"7":2,"8":2,"9":2},"f":{},"b":{},"_coverageSchema":"1a1c01bbd47fc00a2c39e90264f33305004495a9","hash":"b0a1d649702dcb6df4420db57372b1f6e698dba9"}
,"/Users/noahramosgonzalez/Documents/Bootcamp/Backend/Semana 7/lab-testing-movie-api/src/routes/directores.js": {"path":"/Users/noahramosgonzalez/Documents/Bootcamp/Backend/Semana 7/lab-testing-movie-api/src/routes/directores.js","statementMap":{"0":{"start":{"line":1,"column":19},"end":{"line":1,"column":37}},"1":{"start":{"line":5,"column":4},"end":{"line":5,"column":50}},"2":{"start":{"line":7,"column":15},"end":{"line":7,"column":23}},"3":{"start":{"line":9,"column":0},"end":{"line":9,"column":34}},"4":{"start":{"line":10,"column":0},"end":{"line":10,"column":56}},"5":{"start":{"line":12,"column":0},"end":{"line":12,"column":24}}},"fnMap":{},"branchMap":{},"s":{"0":2,"1":2,"2":2,"3":2,"4":2,"5":2},"f":{},"b":{},"_coverageSchema":"1a1c01bbd47fc00a2c39e90264f33305004495a9","hash":"bad4173ccc20bafc01a48837678e36f0a2a3f248"}
,"/Users/noahramosgonzalez/Documents/Bootcamp/Backend/Semana 7/lab-testing-movie-api/src/routes/estadisticas.js": {"path":"/Users/noahramosgonzalez/Documents/Bootcamp/Backend/Semana 7/lab-testing-movie-api/src/routes/estadisticas.js","statementMap":{"0":{"start":{"line":1,"column":19},"end":{"line":1,"column":37}},"1":{"start":{"line":7,"column":4},"end":{"line":7,"column":49}},"2":{"start":{"line":9,"column":15},"end":{"line":9,"column":23}},"3":{"start":{"line":11,"column":0},"end":{"line":11,"column":49}},"4":{"start":{"line":12,"column":0},"end":{"line":12,"column":50}},"5":{"start":{"line":13,"column":0},"end":{"line":13,"column":44}},"6":{"start":{"line":15,"column":0},"end":{"line":15,"column":24}}},"fnMap":{},"branchMap":{},"s":{"0":2,"1":2,"2":2,"3":2,"4":2,"5":2,"6":2},"f":{},"b":{},"_coverageSchema":"1a1c01bbd47fc00a2c39e90264f33305004495a9","hash":"e7f446fe02bdaf02f606cd19b7c7da2696edf2c4"}
,"/Users/noahramosgonzalez/Documents/Bootcamp/Backend/Semana 7/lab-testing-movie-api/src/routes/favoritos.js": {"path":"/Users/noahramosgonzalez/Documents/Bootcamp/Backend/Semana 7/lab-testing-movie-api/src/routes/favoritos.js","statementMap":{"0":{"start":{"line":1,"column":19},"end":{"line":1,"column":37}},"1":{"start":{"line":2,"column":15},"end":{"line":2,"column":23}},"2":{"start":{"line":3,"column":23},"end":{"line":3,"column":62}},"3":{"start":{"line":8,"column":4},"end":{"line":8,"column":49}},"4":{"start":{"line":10,"column":0},"end":{"line":10,"column":27}},"5":{"start":{"line":12,"column":0},"end":{"line":12,"column":44}},"6":{"start":{"line":13,"column":0},"end":{"line":13,"column":46}},"7":{"start":{"line":14,"column":0},"end":{"line":14,"column":33}},"8":{"start":{"line":16,"column":0},"end":{"line":16,"column":24}}},"fnMap":{},"branchMap":{},"s":{"0":2,"1":2,"2":2,"3":2,"4":2,"5":2,"6":2,"7":2,"8":2},"f":{},"b":{},"_coverageSchema":"1a1c01bbd47fc00a2c39e90264f33305004495a9","hash":"42e79a8f589f14e419ee5f612266b06178f1dc57"}
,"/Users/noahramosgonzalez/Documents/Bootcamp/Backend/Semana 7/lab-testing-movie-api/src/routes/peliculas.js": {"path":"/Users/noahramosgonzalez/Documents/Bootcamp/Backend/Semana 7/lab-testing-movie-api/src/routes/peliculas.js","statementMap":{"0":{"start":{"line":2,"column":19},"end":{"line":2,"column":37}},"1":{"start":{"line":3,"column":23},"end":{"line":3,"column":62}},"2":{"start":{"line":4,"column":21},"end":{"line":4,"column":58}},"3":{"start":{"line":5,"column":18},"end":{"line":5,"column":52}},"4":{"start":{"line":16,"column":4},"end":{"line":16,"column":49}},"5":{"start":{"line":18,"column":15},"end":{"line":18,"column":23}},"6":{"start":{"line":21,"column":0},"end":{"line":21,"column":33}},"7":{"start":{"line":22,"column":0},"end":{"line":22,"column":36}},"8":{"start":{"line":23,"column":0},"end":{"line":23,"column":42}},"9":{"start":{"line":26,"column":0},"end":{"line":26,"column":59}},"10":{"start":{"line":27,"column":0},"end":{"line":27,"column":68}},"11":{"start":{"line":28,"column":0},"end":{"line":28,"column":76}},"12":{"start":{"line":31,"column":0},"end":{"line":37,"column":2}},"13":{"start":{"line":38,"column":0},"end":{"line":44,"column":2}},"14":{"start":{"line":45,"column":0},"end":{"line":51,"column":2}},"15":{"start":{"line":53,"column":0},"end":{"line":53,"column":24}}},"fnMap":{},"branchMap":{},"s":{"0":2,"1":2,"2":2,"3":2,"4":2,"5":2,"6":2,"7":2,"8":2,"9":2,"10":2,"11":2,"12":2,"13":2,"14":2,"15":2},"f":{},"b":{},"_coverageSchema":"1a1c01bbd47fc00a2c39e90264f33305004495a9","hash":"c3222d2ec22cbbd20c3275fbc7db69407279f567"}
,"/Users/noahramosgonzalez/Documents/Bootcamp/Backend/Semana 7/lab-testing-movie-api/src/services/DirectorService.js": {"path":"/Users/noahramosgonzalez/Documents/Bootcamp/Backend/Semana 7/lab-testing-movie-api/src/services/DirectorService.js","statementMap":{"0":{"start":{"line":1,"column":13},"end":{"line":1,"column":36}},"1":{"start":{"line":2,"column":17},"end":{"line":2,"column":45}},"2":{"start":{"line":6,"column":21},"end":{"line":8,"column":5}},"3":{"start":{"line":9,"column":4},"end":{"line":9,"column":16}},"4":{"start":{"line":14,"column":35},"end":{"line":17,"column":5}},"5":{"start":{"line":19,"column":4},"end":{"line":21,"column":5}},"6":{"start":{"line":20,"column":6},"end":{"line":20,"column":56}},"7":{"start":{"line":24,"column":32},"end":{"line":31,"column":5}},"8":{"start":{"line":33,"column":4},"end":{"line":36,"column":6}},"9":{"start":{"line":40,"column":0},"end":{"line":40,"column":39}}},"fnMap":{"0":{"name":"(anonymous_0)","decl":{"start":{"line":5,"column":2},"end":{"line":5,"column":3}},"loc":{"start":{"line":5,"column":23},"end":{"line":10,"column":3}},"line":5},"1":{"name":"(anonymous_1)","decl":{"start":{"line":12,"column":2},"end":{"line":12,"column":3}},"loc":{"start":{"line":12,"column":48},"end":{"line":37,"column":3}},"line":12}},"branchMap":{"0":{"loc":{"start":{"line":19,"column":4},"end":{"line":21,"column":5}},"type":"if","locations":[{"start":{"line":19,"column":4},"end":{"line":21,"column":5}},{"start":{},"end":{}}],"line":19}},"s":{"0":2,"1":2,"2":0,"3":0,"4":0,"5":0,"6":0,"7":0,"8":0,"9":2},"f":{"0":0,"1":0},"b":{"0":[0,0]},"_coverageSchema":"1a1c01bbd47fc00a2c39e90264f33305004495a9","hash":"0518846028fa0e69d28cf38cab808b3dd4ebb78c"}
,"/Users/noahramosgonzalez/Documents/Bootcamp/Backend/Semana 7/lab-testing-movie-api/src/services/PeliculaService.js": {"path":"/Users/noahramosgonzalez/Documents/Bootcamp/Backend/Semana 7/lab-testing-movie-api/src/services/PeliculaService.js","statementMap":{"0":{"start":{"line":2,"column":13},"end":{"line":2,"column":36}},"1":{"start":{"line":3,"column":17},"end":{"line":3,"column":45}},"2":{"start":{"line":7,"column":16},"end":{"line":19,"column":5}},"3":{"start":{"line":20,"column":19},"end":{"line":20,"column":21}},"4":{"start":{"line":22,"column":4},"end":{"line":25,"column":5}},"5":{"start":{"line":23,"column":6},"end":{"line":23,"column":34}},"6":{"start":{"line":24,"column":6},"end":{"line":24,"column":51}},"7":{"start":{"line":27,"column":4},"end":{"line":31,"column":5}},"8":{"start":{"line":28,"column":6},"end":{"line":28,"column":41}},"9":{"start":{"line":29,"column":24},"end":{"line":29,"column":96}},"10":{"start":{"line":30,"column":6},"end":{"line":30,"column":76}},"11":{"start":{"line":33,"column":4},"end":{"line":33,"column":48}},"12":{"start":{"line":35,"column":19},"end":{"line":35,"column":59}},"13":{"start":{"line":36,"column":19},"end":{"line":36,"column":59}},"14":{"start":{"line":37,"column":19},"end":{"line":37,"column":40}},"15":{"start":{"line":39,"column":4},"end":{"line":39,"column":32}},"16":{"start":{"line":40,"column":4},"end":{"line":40,"column":68}},"17":{"start":{"line":42,"column":21},"end":{"line":42,"column":52}},"18":{"start":{"line":44,"column":18},"end":{"line":44,"column":59}},"19":{"start":{"line":45,"column":25},"end":{"line":45,"column":50}},"20":{"start":{"line":47,"column":17},"end":{"line":47,"column":63}},"21":{"start":{"line":47,"column":57},"end":{"line":47,"column":62}},"22":{"start":{"line":49,"column":4},"end":{"line":49,"column":49}},"23":{"start":{"line":53,"column":21},"end":{"line":63,"column":5}},"24":{"start":{"line":65,"column":4},"end":{"line":65,"column":77}},"25":{"start":{"line":65,"column":27},"end":{"line":65,"column":77}},"26":{"start":{"line":66,"column":4},"end":{"line":66,"column":19}},"27":{"start":{"line":70,"column":59},"end":{"line":70,"column":64}},"28":{"start":{"line":72,"column":4},"end":{"line":74,"column":5}},"29":{"start":{"line":73,"column":6},"end":{"line":73,"column":65}},"30":{"start":{"line":76,"column":21},"end":{"line":87,"column":5}},"31":{"start":{"line":89,"column":4},"end":{"line":89,"column":19}},"32":{"start":{"line":93,"column":21},"end":{"line":93,"column":48}},"33":{"start":{"line":95,"column":59},"end":{"line":95,"column":64}},"34":{"start":{"line":97,"column":21},"end":{"line":110,"column":5}},"35":{"start":{"line":112,"column":4},"end":{"line":112,"column":19}},"36":{"start":{"line":116,"column":21},"end":{"line":119,"column":5}},"37":{"start":{"line":121,"column":4},"end":{"line":121,"column":77}},"38":{"start":{"line":121,"column":27},"end":{"line":121,"column":77}},"39":{"start":{"line":122,"column":4},"end":{"line":122,"column":19}},"40":{"start":{"line":126,"column":21},"end":{"line":134,"column":6}},"41":{"start":{"line":136,"column":32},"end":{"line":142,"column":6}},"42":{"start":{"line":144,"column":4},"end":{"line":144,"column":37}},"43":{"start":{"line":151,"column":4},"end":{"line":151,"column":40}},"44":{"start":{"line":153,"column":21},"end":{"line":156,"column":5}},"45":{"start":{"line":158,"column":4},"end":{"line":158,"column":16}},"46":{"start":{"line":162,"column":4},"end":{"line":162,"column":40}},"47":{"start":{"line":164,"column":41},"end":{"line":164,"column":46}},"48":{"start":{"line":166,"column":4},"end":{"line":168,"column":5}},"49":{"start":{"line":167,"column":6},"end":{"line":167,"column":69}},"50":{"start":{"line":170,"column":21},"end":{"line":175,"column":5}},"51":{"start":{"line":177,"column":4},"end":{"line":177,"column":19}},"52":{"start":{"line":181,"column":4},"end":{"line":181,"column":40}},"53":{"start":{"line":182,"column":41},"end":{"line":182,"column":46}},"54":{"start":{"line":183,"column":4},"end":{"line":185,"column":5}},"55":{"start":{"line":184,"column":6},"end":{"line":184,"column":69}},"56":{"start":{"line":186,"column":19},"end":{"line":186,"column":39}},"57":{"start":{"line":188,"column":4},"end":{"line":212,"column":5}},"58":{"start":{"line":189,"column":6},"end":{"line":189,"column":34}},"59":{"start":{"line":191,"column":23},"end":{"line":196,"column":7}},"60":{"start":{"line":197,"column":26},"end":{"line":197,"column":33}},"61":{"start":{"line":199,"column":6},"end":{"line":202,"column":8}},"62":{"start":{"line":204,"column":6},"end":{"line":204,"column":35}},"63":{"start":{"line":206,"column":6},"end":{"line":206,"column":25}},"64":{"start":{"line":208,"column":6},"end":{"line":208,"column":37}},"65":{"start":{"line":209,"column":6},"end":{"line":209,"column":18}},"66":{"start":{"line":211,"column":6},"end":{"line":211,"column":23}},"67":{"start":{"line":216,"column":0},"end":{"line":216,"column":39}}},"fnMap":{"0":{"name":"(anonymous_0)","decl":{"start":{"line":6,"column":2},"end":{"line":6,"column":3}},"loc":{"start":{"line":6,"column":35},"end":{"line":50,"column":3}},"line":6},"1":{"name":"(anonymous_1)","decl":{"start":{"line":47,"column":26},"end":{"line":47,"column":27}},"loc":{"start":{"line":47,"column":57},"end":{"line":47,"column":62}},"line":47},"2":{"name":"(anonymous_2)","decl":{"start":{"line":52,"column":2},"end":{"line":52,"column":3}},"loc":{"start":{"line":52,"column":25},"end":{"line":67,"column":3}},"line":52},"3":{"name":"(anonymous_3)","decl":{"start":{"line":69,"column":2},"end":{"line":69,"column":3}},"loc":{"start":{"line":69,"column":21},"end":{"line":90,"column":3}},"line":69},"4":{"name":"(anonymous_4)","decl":{"start":{"line":92,"column":2},"end":{"line":92,"column":3}},"loc":{"start":{"line":92,"column":30},"end":{"line":113,"column":3}},"line":92},"5":{"name":"(anonymous_5)","decl":{"start":{"line":115,"column":2},"end":{"line":115,"column":3}},"loc":{"start":{"line":115,"column":21},"end":{"line":123,"column":3}},"line":115},"6":{"name":"(anonymous_6)","decl":{"start":{"line":125,"column":2},"end":{"line":125,"column":3}},"loc":{"start":{"line":125,"column":30},"end":{"line":145,"column":3}},"line":125},"7":{"name":"(anonymous_7)","decl":{"start":{"line":150,"column":2},"end":{"line":150,"column":3}},"loc":{"start":{"line":150,"column":35},"end":{"line":159,"column":3}},"line":150},"8":{"name":"(anonymous_8)","decl":{"start":{"line":161,"column":2},"end":{"line":161,"column":3}},"loc":{"start":{"line":161,"column":39},"end":{"line":178,"column":3}},"line":161},"9":{"name":"(anonymous_9)","decl":{"start":{"line":180,"column":2},"end":{"line":180,"column":3}},"loc":{"start":{"line":180,"column":37},"end":{"line":213,"column":3}},"line":180}},"branchMap":{"0":{"loc":{"start":{"line":6,"column":21},"end":{"line":6,"column":33}},"type":"default-arg","locations":[{"start":{"line":6,"column":31},"end":{"line":6,"column":33}}],"line":6},"1":{"loc":{"start":{"line":22,"column":4},"end":{"line":25,"column":5}},"type":"if","locations":[{"start":{"line":22,"column":4},"end":{"line":25,"column":5}},{"start":{},"end":{}}],"line":22},"2":{"loc":{"start":{"line":27,"column":4},"end":{"line":31,"column":5}},"type":"if","locations":[{"start":{"line":27,"column":4},"end":{"line":31,"column":5}},{"start":{},"end":{}}],"line":27},"3":{"loc":{"start":{"line":30,"column":15},"end":{"line":30,"column":75}},"type":"cond-expr","locations":[{"start":{"line":30,"column":32},"end":{"line":30,"column":51}},{"start":{"line":30,"column":54},"end":{"line":30,"column":75}}],"line":30},"4":{"loc":{"start":{"line":35,"column":31},"end":{"line":35,"column":58}},"type":"binary-expr","locations":[{"start":{"line":35,"column":31},"end":{"line":35,"column":53}},{"start":{"line":35,"column":57},"end":{"line":35,"column":58}}],"line":35},"5":{"loc":{"start":{"line":36,"column":31},"end":{"line":36,"column":58}},"type":"binary-expr","locations":[{"start":{"line":36,"column":31},"end":{"line":36,"column":53}},{"start":{"line":36,"column":57},"end":{"line":36,"column":58}}],"line":36},"6":{"loc":{"start":{"line":44,"column":18},"end":{"line":44,"column":59}},"type":"cond-expr","locations":[{"start":{"line":44,"column":36},"end":{"line":44,"column":55}},{"start":{"line":44,"column":58},"end":{"line":44,"column":59}}],"line":44},"7":{"loc":{"start":{"line":65,"column":4},"end":{"line":65,"column":77}},"type":"if","locations":[{"start":{"line":65,"column":4},"end":{"line":65,"column":77}},{"start":{},"end":{}}],"line":65},"8":{"loc":{"start":{"line":72,"column":4},"end":{"line":74,"column":5}},"type":"if","locations":[{"start":{"line":72,"column":4},"end":{"line":74,"column":5}},{"start":{},"end":{}}],"line":72},"9":{"loc":{"start":{"line":72,"column":8},"end":{"line":72,"column":53}},"type":"binary-expr","locations":[{"start":{"line":72,"column":8},"end":{"line":72,"column":26}},{"start":{"line":72,"column":31},"end":{"line":72,"column":39}},{"start":{"line":72,"column":43},"end":{"line":72,"column":52}}],"line":72},"10":{"loc":{"start":{"line":83,"column":8},"end":{"line":83,"column":34}},"type":"cond-expr","locations":[{"start":{"line":83,"column":15},"end":{"line":83,"column":27}},{"start":{"line":83,"column":30},"end":{"line":83,"column":34}}],"line":83},"11":{"loc":{"start":{"line":84,"column":8},"end":{"line":84,"column":27}},"type":"binary-expr","locations":[{"start":{"line":84,"column":8},"end":{"line":84,"column":19}},{"start":{"line":84,"column":23},"end":{"line":84,"column":27}}],"line":84},"12":{"loc":{"start":{"line":85,"column":8},"end":{"line":85,"column":25}},"type":"binary-expr","locations":[{"start":{"line":85,"column":8},"end":{"line":85,"column":17}},{"start":{"line":85,"column":21},"end":{"line":85,"column":25}}],"line":85},"13":{"loc":{"start":{"line":103,"column":8},"end":{"line":103,"column":33}},"type":"binary-expr","locations":[{"start":{"line":103,"column":8},"end":{"line":103,"column":14}},{"start":{"line":103,"column":18},"end":{"line":103,"column":33}}],"line":103},"14":{"loc":{"start":{"line":104,"column":8},"end":{"line":104,"column":43}},"type":"cond-expr","locations":[{"start":{"line":104,"column":15},"end":{"line":104,"column":27}},{"start":{"line":104,"column":30},"end":{"line":104,"column":43}}],"line":104},"15":{"loc":{"start":{"line":105,"column":8},"end":{"line":105,"column":57}},"type":"cond-expr","locations":[{"start":{"line":105,"column":29},"end":{"line":105,"column":41}},{"start":{"line":105,"column":44},"end":{"line":105,"column":57}}],"line":105},"16":{"loc":{"start":{"line":106,"column":8},"end":{"line":106,"column":43}},"type":"binary-expr","locations":[{"start":{"line":106,"column":8},"end":{"line":106,"column":19}},{"start":{"line":106,"column":23},"end":{"line":106,"column":43}}],"line":106},"17":{"loc":{"start":{"line":107,"column":8},"end":{"line":107,"column":39}},"type":"binary-expr","locations":[{"start":{"line":107,"column":8},"end":{"line":107,"column":17}},{"start":{"line":107,"column":21},"end":{"line":107,"column":39}}],"line":107},"18":{"loc":{"start":{"line":121,"column":4},"end":{"line":121,"column":77}},"type":"if","locations":[{"start":{"line":121,"column":4},"end":{"line":121,"column":77}},{"start":{},"end":{}}],"line":121},"19":{"loc":{"start":{"line":166,"column":4},"end":{"line":168,"column":5}},"type":"if","locations":[{"start":{"line":166,"column":4},"end":{"line":168,"column":5}},{"start":{},"end":{}}],"line":166},"20":{"loc":{"start":{"line":166,"column":8},"end":{"line":166,"column":41}},"type":"binary-expr","locations":[{"start":{"line":166,"column":8},"end":{"line":166,"column":22}},{"start":{"line":166,"column":26},"end":{"line":166,"column":41}}],"line":166},"21":{"loc":{"start":{"line":183,"column":4},"end":{"line":185,"column":5}},"type":"if","locations":[{"start":{"line":183,"column":4},"end":{"line":185,"column":5}},{"start":{},"end":{}}],"line":183},"22":{"loc":{"start":{"line":183,"column":8},"end":{"line":183,"column":41}},"type":"binary-expr","locations":[{"start":{"line":183,"column":8},"end":{"line":183,"column":22}},{"start":{"line":183,"column":26},"end":{"line":183,"column":41}}],"line":183}},"s":{"0":2,"1":2,"2":0,"3":0,"4":0,"5":0,"6":0,"7":0,"8":0,"9":0,"10":0,"11":0,"12":0,"13":0,"14":0,"15":0,"16":0,"17":0,"18":0,"19":0,"20":0,"21":0,"22":0,"23":0,"24":0,"25":0,"26":0,"27":0,"28":0,"29":0,"30":0,"31":0,"32":0,"33":0,"34":0,"35":0,"36":0,"37":0,"38":0,"39":0,"40":0,"41":0,"42":0,"43":0,"44":0,"45":0,"46":0,"47":0,"48":0,"49":0,"50":0,"51":0,"52":0,"53":0,"54":0,"55":0,"56":0,"57":0,"58":0,"59":0,"60":0,"61":0,"62":0,"63":0,"64":0,"65":0,"66":0,"67":2},"f":{"0":0,"1":0,"2":0,"3":0,"4":0,"5":0,"6":0,"7":0,"8":0,"9":0},"b":{"0":[0],"1":[0,0],"2":[0,0],"3":[0,0],"4":[0,0],"5":[0,0],"6":[0,0],"7":[0,0],"8":[0,0],"9":[0,0,0],"10":[0,0],"11":[0,0],"12":[0,0],"13":[0,0],"14":[0,0],"15":[0,0],"16":[0,0],"17":[0,0],"18":[0,0],"19":[0,0],"20":[0,0],"21":[0,0],"22":[0,0]},"_coverageSchema":"1a1c01bbd47fc00a2c39e90264f33305004495a9","hash":"3e2a2a9380e739200fd728f7d04a85d48601e895"}
,"/Users/noahramosgonzalez/Documents/Bootcamp/Backend/Semana 7/lab-testing-movie-api/src/utils/AppError.js": {"path":"/Users/noahramosgonzalez/Documents/Bootcamp/Backend/Semana 7/lab-testing-movie-api/src/utils/AppError.js","statementMap":{"0":{"start":{"line":4,"column":4},"end":{"line":4,"column":19}},"1":{"start":{"line":5,"column":4},"end":{"line":5,"column":33}},"2":{"start":{"line":8,"column":4},"end":{"line":8,"column":52}},"3":{"start":{"line":12,"column":0},"end":{"line":12,"column":26}}},"fnMap":{"0":{"name":"(anonymous_0)","decl":{"start":{"line":3,"column":2},"end":{"line":3,"column":3}},"loc":{"start":{"line":3,"column":35},"end":{"line":9,"column":3}},"line":3}},"branchMap":{},"s":{"0":11,"1":11,"2":11,"3":2},"f":{"0":11},"b":{},"_coverageSchema":"1a1c01bbd47fc00a2c39e90264f33305004495a9","hash":"988e1d4b2bfb12f1ce2cc60a219416307932f12d"}
,"/Users/noahramosgonzalez/Documents/Bootcamp/Backend/Semana 7/lab-testing-movie-api/src/utils/verificarPelicula.js": {"path":"/Users/noahramosgonzalez/Documents/Bootcamp/Backend/Semana 7/lab-testing-movie-api/src/utils/verificarPelicula.js","statementMap":{"0":{"start":{"line":1,"column":13},"end":{"line":1,"column":36}},"1":{"start":{"line":2,"column":17},"end":{"line":2,"column":38}},"2":{"start":{"line":4,"column":32},"end":{"line":12,"column":1}},"3":{"start":{"line":5,"column":17},"end":{"line":7,"column":4}},"4":{"start":{"line":8,"column":2},"end":{"line":10,"column":3}},"5":{"start":{"line":9,"column":4},"end":{"line":9,"column":54}},"6":{"start":{"line":11,"column":2},"end":{"line":11,"column":24}},"7":{"start":{"line":14,"column":0},"end":{"line":14,"column":41}}},"fnMap":{"0":{"name":"(anonymous_0)","decl":{"start":{"line":4,"column":32},"end":{"line":4,"column":33}},"loc":{"start":{"line":4,"column":54},"end":{"line":12,"column":1}},"line":4}},"branchMap":{"0":{"loc":{"start":{"line":8,"column":2},"end":{"line":10,"column":3}},"type":"if","locations":[{"start":{"line":8,"column":2},"end":{"line":10,"column":3}},{"start":{},"end":{}}],"line":8}},"s":{"0":2,"1":2,"2":2,"3":8,"4":8,"5":1,"6":7,"7":2},"f":{"0":8},"b":{"0":[1,7]},"_coverageSchema":"1a1c01bbd47fc00a2c39e90264f33305004495a9","hash":"87f009c0f4f97e1bd45cf7f5f9f417e920f7f4fd"}
}
